生成启动时间为 2018/12/27 星期四 20:59:03。
     1>项目“G:\EVS\CODER\Workspace_msvc\EVS\EVS\EVS.vcxproj”在节点 2 上(build 个目标)。
     1>InitializeBuildStatus:
         正在创建“Debug\EVS.unsuccessfulbuild”，因为已指定“AlwaysCreate”。
       ClCompile:
         C:\Program Files (x86)\Microsoft Visual Studio 10.0\VC\bin\CL.exe /c /ZI /nologo /W3 /WX- /Od /Oy- /D WIN32 /D _DEBUG /D _CONSOLE /D _UNICODE /D UNICODE /Gm /EHsc /RTC1 /MDd /GS /fp:precise /Zc:wchar_t /Zc:forScope /Fo"Debug\\" /Fd"Debug\vc100.pdb" /Gd /TC /analyze- /errorReport:prompt ..\..\..\lib_enc\encoder.c
         encoder.c
     1>g:\evs\coder\lib_enc\encoder.c(35): warning C4013: “coder”未定义；假设外部返回 int
       ManifestResourceCompile:
         所有输出均为最新。
       Link:
         C:\Program Files (x86)\Microsoft Visual Studio 10.0\VC\bin\link.exe /ERRORREPORT:PROMPT /OUT:"G:\EVS\CODER\Workspace_msvc\EVS\Debug\EVS.exe" /INCREMENTAL /NOLOGO kernel32.lib user32.lib gdi32.lib winspool.lib comdlg32.lib advapi32.lib shell32.lib ole32.lib oleaut32.lib uuid.lib odbc32.lib odbccp32.lib /MANIFEST /ManifestFile:"Debug\EVS.exe.intermediate.manifest" /MANIFESTUAC:"level='asInvoker' uiAccess='false'" /DEBUG /PDB:"G:\EVS\CODER\Workspace_msvc\EVS\Debug\EVS.pdb" /SUBSYSTEM:CONSOLE /TLBID:1 /DYNAMICBASE /NXCOMPAT /IMPLIB:"G:\EVS\CODER\Workspace_msvc\EVS\Debug\EVS.lib" /MACHINE:X86 Debug\EVS.exe.embed.manifest.res
         Debug\log2.obj
         Debug\math_32.obj
         Debug\math_op.obj
         Debug\oper_32b.obj
         Debug\rom_basic_math.obj
         Debug\basop32.obj
         Debug\control.obj
         Debug\count.obj
         Debug\enh1632.obj
         Debug\enh40.obj
         Debug\enhUL32.obj
         Debug\ACcontextMapping.obj
         Debug\ari.obj
         Debug\arith_coder.obj
         Debug\ari_hm.obj
         Debug\basop_mpy.obj
         Debug\basop_util.obj
         Debug\bitallocsum_fx.obj
         Debug\bitalloc_fx.obj
         Debug\bitstream_fx.obj
         Debug\bits_alloc.obj
         Debug\cb_shape_fx.obj
         Debug\cldfb.obj
         Debug\cng_exc_fx.obj
         Debug\codec_tcx_common.obj
         Debug\core_com_config_fx.obj
         Debug\deemph_fx.obj
         Debug\delay_comp.obj
         Debug\disclaimer.obj
         Debug\dlpc_bfi.obj
         Debug\edct_fx.obj
         Debug\enhancer_fx.obj
         Debug\enr_1_az_fx.obj
         Debug\env_adj_fx.obj
         Debug\env_stab_fx.obj
         Debug\env_stab_trans_fx.obj
         Debug\est_tilt_fx.obj
         Debug\fd_cng_com.obj
         Debug\fft.obj
         Debug\fft_fx.obj
         Debug\fft_rel_fx.obj
         Debug\fft_rel_sas_fx.obj
         Debug\fill_spectrum_fx.obj
         Debug\findpulse_fx.obj
         Debug\fine_gain_bits_fx.obj
         Debug\frame_ener_fx.obj
         Debug\g192.obj
         Debug\gain_inov.obj
         Debug\get_gain.obj
         Debug\gs_bitallocation_fx.obj
         Debug\gs_gains_fx.obj
         Debug\gs_inact_switching_fx.obj
         Debug\gs_noisefill_fx.obj
         Debug\gs_preech_fx.obj
         Debug\guided_plc_util.obj
         Debug\hp50.obj
         Debug\hq2_bit_alloc_fx.obj
         Debug\hq2_core_com_fx.obj
         Debug\hq2_noise_inject_fx.obj
         Debug\hq_bit_allocation_fx.obj
         Debug\hq_conf_fx.obj
         Debug\hq_tools_fx.obj
         Debug\hvq_pvq_bitalloc_fx.obj
         Debug\igf_base.obj
         Debug\index_pvq_opt_fx.obj
         Debug\interleave_spectrum_fx.obj
         Debug\interpol_fx.obj
         Debug\int_lsp_fx.obj
         Debug\isf_dec_amr_wb_fx.obj
         Debug\lag_wind.obj
         Debug\lerp.obj
         Debug\limit_t0_fx.obj
         Debug\logqnorm_fx.obj
         Debug\longarith.obj
         Debug\low_rate_band_att_fx.obj
         Debug\lpc_tools_fx.obj
         Debug\lsf_dec_bfi_fx.obj
         Debug\lsf_msvq_ma.obj
         Debug\lsf_tools_fx.obj
         Debug\lsp_conv_poly_fx.obj
         Debug\modif_fs_fx.obj
         Debug\mslvq_com_fx.obj
         Debug\nelp_fx.obj
         Debug\parameter_bitmaping.obj
         Debug\phase_dispersion.obj
         Debug\ppp_fx.obj
         Debug\pred_lt4_fx.obj
         Debug\preemph_fx.obj
         Debug\pvq_com_fx.obj
         Debug\range_com_fx.obj
         Debug\re8_ppv_fx.obj
         Debug\re8_util_fx.obj
         Debug\recovernorm_fx.obj
         Debug\reordvct_fx.obj
         Debug\residu_fx.obj
         Debug\rom_basop_util.obj
         Debug\rom_com_fx.obj
         Debug\scale_mem_fx.obj
         Debug\stab_est_fx.obj
         Debug\stat_noise_uv_mod_fx.obj
         Debug\swb_bwe_com_fx.obj
         Debug\swb_bwe_com_hr_fx.obj
         Debug\swb_bwe_com_lr_fx.obj
         Debug\swb_tbe_com_fx.obj
         Debug\syn_12k8_fx.obj
         Debug\syn_filt_fx.obj
         Debug\tcq_position_arith_fx.obj
         Debug\tcx_ltp.obj
         Debug\tcx_mdct.obj
         Debug\tcx_mdct_window.obj
         Debug\tcx_utils.obj
         Debug\tec_com.obj
         Debug\tns_base.obj
         Debug\tools_fx.obj
         Debug\trans_direct_fx.obj
         Debug\trans_inv_fx.obj
         Debug\vlpc_2st_com.obj
         Debug\weight_a_fx.obj
         Debug\weight_fx.obj
         Debug\window.obj
         Debug\window_ola_fx.obj
         Debug\wi_fx.obj
         Debug\wtda_fx.obj
         Debug\ACcontextMapping_enc.obj
         Debug\acelp_core_enc_fx.obj
         Debug\acelp_core_switch_enc_fx.obj
         Debug\acelp_enc_util.obj
         Debug\amr_wb_enc_fx.obj
         Debug\analy_lp_fx.obj
         Debug\analy_sp.obj
         Debug\arith_coder_enc.obj
         Debug\ari_enc.obj
         Debug\ari_hm_enc.obj
         Debug\avq_cod_fx.obj
         Debug\bass_psfilter_enc.obj
         Debug\bw_detect_fx.obj
         Debug\cng_enc_fx.obj
         Debug\cod2t32_fx.obj
         Debug\cod4t64_fx.obj
         Debug\cod_ace.obj
         Debug\cod_tcx.obj
         Debug\cod_uv.obj
         Debug\comvad_decision.obj
         Debug\core_enc_2div.obj
         Debug\core_enc_init.obj
         Debug\core_enc_ol.obj
         Debug\core_enc_reconf.obj
         Debug\core_enc_switch.obj
         Debug\core_enc_updt.obj
         Debug\core_switching_enc_fx.obj
         Debug\corr_xh_fx.obj
         Debug\cor_shif_fx.obj
         Debug\decision_matrix_enc_fx.obj
         Debug\detect_transient_fx.obj
         Debug\diffcod_fx.obj
         Debug\dtx_fx.obj
         Debug\encoder.obj
         Debug\enc_acelp.obj
         Debug\enc_acelpx.obj
         Debug\enc_acelp_tcx_main.obj
         Debug\enc_amr_wb_fx.obj
         Debug\enc_gain.obj
         Debug\enc_gen_voic_fx.obj
         Debug\enc_gen_voic_rf_fx.obj
         Debug\enc_higher_acelp_fx.obj
         Debug\enc_nelp_fx.obj
         Debug\enc_pit_exc_fx.obj
         Debug\enc_ppp_fx.obj
         Debug\enc_prm.obj
         Debug\enc_tran_fx.obj
         Debug\enc_uv_fx.obj
         Debug\energy.obj
         Debug\eval_pit_contr_fx.obj
         Debug\evs_enc_fx.obj
         Debug\ext_sig_ana.obj
         Debug\fd_cng_enc.obj
         Debug\FEC_enc_fx.obj
         Debug\find_tar_fx.obj
         Debug\find_tilt_fx.obj
         Debug\find_uv.obj
         Debug\find_wsp_fx.obj
         Debug\frame_spec_dif_cor_rate.obj
         Debug\gain_enc_fx.obj
         Debug\gaus_enc_fx.obj
         Debug\gp_clip_fx.obj
         Debug\gs_enc_fx.obj
         Debug\guided_plc_enc.obj
         Debug\hf_cod_amrwb_fx.obj
         Debug\hq_classifier_enc_fx.obj
         Debug\hq_core_enc_fx.obj
         Debug\hq_env_enc_fx.obj
         Debug\hq_hr_enc_fx.obj
         Debug\hq_lr_enc_fx.obj
         Debug\hvq_enc_fx.obj
         Debug\igf_enc.obj
         Debug\igf_scf_enc.obj
         Debug\init_enc_fx.obj
         Debug\inov_enc_fx.obj
         Debug\io_enc_fx.obj
         Debug\isf_enc_amr_wb_fx.obj
         Debug\lead_indexing_fx.obj
         Debug\long_enr.obj
         Debug\lp_exc_e_fx.obj
         Debug\lsf_enc_fx.obj
         Debug\lsf_msvq_ma_enc.obj
         Debug\ltd_stable.obj
         Debug\mdct_classifier_fx.obj
         Debug\mdct_selector.obj
         Debug\mslvq_enc_fx.obj
         Debug\multi_harm_fx.obj
         Debug\nelp_enc_fx.obj
         Debug\noise_adjust_fx.obj
         Debug\nois_est_fx.obj
         Debug\normalizecoefs_fx.obj
         Debug\peak_vq_enc_fx.obj
         Debug\pitch_ol.obj
         Debug\pitch_ol2_fx.obj
         Debug\pit_enc_fx.obj
         Debug\plc_enc_ext.obj
         Debug\ppp_enc_fx.obj
         Debug\pre_proc_fx.obj
         Debug\pvq_core_enc_fx.obj
         Debug\pvq_encode_fx.obj
         Debug\qlpc_avq.obj
         Debug\qlpc_stoch.obj
         Debug\q_gain2p.obj
         Debug\range_enc_fx.obj
         Debug\re8_cod_fx.obj
         Debug\reordernorm_fx.obj
         Debug\rom_enc_fx.obj
         Debug\rst_enc_fx.obj
         Debug\scale_enc_fx.obj
         Debug\setmodeindex.obj
         Debug\set_impulse_fx.obj
         Debug\sig_clas.obj
         Debug\SNR_calc.obj
         Debug\spec_center.obj
         Debug\spec_flatness.obj
         Debug\speech_music_classif_fx.obj
         Debug\stat_noise_uv_enc_fx.obj
         Debug\subband_fft.obj
         Debug\swb_bwe_enc_fx.obj
         Debug\swb_bwe_enc_hr_fx.obj
         Debug\swb_bwe_enc_lr_fx.obj
         Debug\swb_pre_proc_fx.obj
         Debug\swb_tbe_enc_fx.obj
         Debug\tcq_core_enc_fx.obj
         Debug\tcx_ltp_enc.obj
         Debug\tcx_utils_enc.obj
         Debug\tfa_enc.obj
         Debug\tns_base_enc.obj
         Debug\transient_detection.obj
         Debug\transition_enc_fx.obj
         Debug\update_decision.obj
         Debug\updt_enc_fx.obj
         Debug\updt_tar_fx.obj
         Debug\vad_basop.obj
         Debug\vad_fx.obj
         Debug\vad_param_updt_fx.obj
         Debug\vad_proc.obj
         Debug\vbr_average_rate_fx.obj
         Debug\vlpc_1st_cod.obj
         Debug\vlpc_2st_cod.obj
         Debug\voiced_enc_fx.obj
         Debug\waveadjust_fec_cod.obj
       Manifest:
         C:\Program Files (x86)\Microsoft SDKs\Windows\v7.0A\bin\mt.exe /nologo /verbose /out:"Debug\EVS.exe.embed.manifest" /manifest Debug\EVS.exe.intermediate.manifest
         所有输出均为最新。
       LinkEmbedManifest:
         所有输出均为最新。
         EVS.vcxproj -> G:\EVS\CODER\Workspace_msvc\EVS\Debug\EVS.exe
       FinalizeBuildStatus:
         正在删除文件“Debug\EVS.unsuccessfulbuild”。
         正在对“Debug\EVS.lastbuildstate”执行 Touch 任务。
     1>已完成生成项目“G:\EVS\CODER\Workspace_msvc\EVS\EVS\EVS.vcxproj”(build 个目标)的操作。

生成成功。

已用时间 00:00:00.70
