生成启动时间为 2018/12/28 星期五 12:05:50。
     1>项目“G:\EVS\DECODER\Workspace_msvc\EVS\EVS_decoder\EVS_decoder\EVS_decoder.vcxproj”在节点 2 上(build 个目标)。
     1>InitializeBuildStatus:
         正在创建“Debug\EVS_decoder.unsuccessfulbuild”，因为已指定“AlwaysCreate”。
       ClCompile:
         C:\Program Files (x86)\Microsoft Visual Studio 10.0\VC\bin\CL.exe /c /ZI /nologo /W3 /WX- /Od /Oy- /D WIN32 /D _DEBUG /D _CONSOLE /D _UNICODE /D UNICODE /Gm /EHsc /RTC1 /MDd /GS /fp:precise /Zc:wchar_t /Zc:forScope /Fo"Debug\\" /Fd"Debug\vc100.pdb" /Gd /TC /analyze- /errorReport:prompt ..\..\..\..\lib_dec\decoder.c
         decoder.c
     1>g:\evs\decoder\lib_dec\decoder.c(28): warning C4013: “decoder”未定义；假设外部返回 int
       ManifestResourceCompile:
         所有输出均为最新。
       Link:
         C:\Program Files (x86)\Microsoft Visual Studio 10.0\VC\bin\link.exe /ERRORREPORT:PROMPT /OUT:"G:\EVS\DECODER\Workspace_msvc\EVS\EVS_decoder\Debug\EVS_decoder.exe" /INCREMENTAL /NOLOGO kernel32.lib user32.lib gdi32.lib winspool.lib comdlg32.lib advapi32.lib shell32.lib ole32.lib oleaut32.lib uuid.lib odbc32.lib odbccp32.lib /MANIFEST /ManifestFile:"Debug\EVS_decoder.exe.intermediate.manifest" /MANIFESTUAC:"level='asInvoker' uiAccess='false'" /DEBUG /PDB:"G:\EVS\DECODER\Workspace_msvc\EVS\EVS_decoder\Debug\EVS_decoder.pdb" /SUBSYSTEM:CONSOLE /TLBID:1 /DYNAMICBASE /NXCOMPAT /IMPLIB:"G:\EVS\DECODER\Workspace_msvc\EVS\EVS_decoder\Debug\EVS_decoder.lib" /MACHINE:X86 Debug\EVS_decoder.exe.embed.manifest.res
         Debug\log2.obj
         Debug\math_32.obj
         Debug\math_op.obj
         Debug\oper_32b.obj
         Debug\rom_basic_math.obj
         Debug\basop32.obj
         Debug\control.obj
         Debug\count.obj
         Debug\enh1632.obj
         Debug\enh40.obj
         Debug\enhUL32.obj
         Debug\ACcontextMapping.obj
         Debug\ari.obj
         Debug\arith_coder.obj
         Debug\ari_hm.obj
         Debug\basop_mpy.obj
         Debug\basop_util.obj
         Debug\bitallocsum_fx.obj
         Debug\bitalloc_fx.obj
         Debug\bitstream_fx.obj
         Debug\bits_alloc.obj
         Debug\cb_shape_fx.obj
         Debug\cldfb.obj
         Debug\cng_exc_fx.obj
         Debug\codec_tcx_common.obj
         Debug\core_com_config_fx.obj
         Debug\deemph_fx.obj
         Debug\delay_comp.obj
         Debug\disclaimer.obj
         Debug\dlpc_bfi.obj
         Debug\edct_fx.obj
         Debug\enhancer_fx.obj
         Debug\enr_1_az_fx.obj
         Debug\env_adj_fx.obj
         Debug\env_stab_fx.obj
         Debug\env_stab_trans_fx.obj
         Debug\est_tilt_fx.obj
         Debug\fd_cng_com.obj
         Debug\fft.obj
         Debug\fft_fx.obj
         Debug\fft_rel_fx.obj
         Debug\fft_rel_sas_fx.obj
         Debug\fill_spectrum_fx.obj
         Debug\findpulse_fx.obj
         Debug\fine_gain_bits_fx.obj
         Debug\frame_ener_fx.obj
         Debug\g192.obj
         Debug\gain_inov.obj
         Debug\get_gain.obj
         Debug\gs_bitallocation_fx.obj
         Debug\gs_gains_fx.obj
         Debug\gs_inact_switching_fx.obj
         Debug\gs_noisefill_fx.obj
         Debug\gs_preech_fx.obj
         Debug\guided_plc_util.obj
         Debug\hp50.obj
         Debug\hq2_bit_alloc_fx.obj
         Debug\hq2_core_com_fx.obj
         Debug\hq2_noise_inject_fx.obj
         Debug\hq_bit_allocation_fx.obj
         Debug\hq_conf_fx.obj
         Debug\hq_tools_fx.obj
         Debug\hvq_pvq_bitalloc_fx.obj
         Debug\igf_base.obj
         Debug\index_pvq_opt_fx.obj
         Debug\interleave_spectrum_fx.obj
         Debug\interpol_fx.obj
         Debug\int_lsp_fx.obj
         Debug\isf_dec_amr_wb_fx.obj
         Debug\lag_wind.obj
         Debug\lerp.obj
         Debug\limit_t0_fx.obj
         Debug\logqnorm_fx.obj
         Debug\longarith.obj
         Debug\low_rate_band_att_fx.obj
         Debug\lpc_tools_fx.obj
         Debug\lsf_dec_bfi_fx.obj
         Debug\lsf_msvq_ma.obj
         Debug\lsf_tools_fx.obj
         Debug\lsp_conv_poly_fx.obj
         Debug\modif_fs_fx.obj
         Debug\mslvq_com_fx.obj
         Debug\nelp_fx.obj
         Debug\parameter_bitmaping.obj
         Debug\phase_dispersion.obj
         Debug\ppp_fx.obj
         Debug\pred_lt4_fx.obj
         Debug\preemph_fx.obj
         Debug\pvq_com_fx.obj
         Debug\range_com_fx.obj
         Debug\re8_ppv_fx.obj
         Debug\re8_util_fx.obj
         Debug\recovernorm_fx.obj
         Debug\reordvct_fx.obj
         Debug\residu_fx.obj
         Debug\rom_basop_util.obj
         Debug\rom_com_fx.obj
         Debug\scale_mem_fx.obj
         Debug\stab_est_fx.obj
         Debug\stat_noise_uv_mod_fx.obj
         Debug\swb_bwe_com_fx.obj
         Debug\swb_bwe_com_hr_fx.obj
         Debug\swb_bwe_com_lr_fx.obj
         Debug\swb_tbe_com_fx.obj
         Debug\syn_12k8_fx.obj
         Debug\syn_filt_fx.obj
         Debug\tcq_position_arith_fx.obj
         Debug\tcx_ltp.obj
         Debug\tcx_mdct.obj
         Debug\tcx_mdct_window.obj
         Debug\tcx_utils.obj
         Debug\tec_com.obj
         Debug\tns_base.obj
         Debug\tools_fx.obj
         Debug\trans_direct_fx.obj
         Debug\trans_inv_fx.obj
         Debug\vlpc_2st_com.obj
         Debug\weight_a_fx.obj
         Debug\weight_fx.obj
         Debug\window.obj
         Debug\window_ola_fx.obj
         Debug\wi_fx.obj
         Debug\wtda_fx.obj
         Debug\ACcontextMapping_dec.obj
         Debug\acelp_core_dec_fx.obj
         Debug\acelp_core_switch_dec_fx.obj
         Debug\amr_wb_dec_fx.obj
         Debug\arith_coder_dec.obj
         Debug\ari_dec.obj
         Debug\ari_hm_dec.obj
         Debug\avq_dec_fx.obj
         Debug\basop_util_jbm.obj
         Debug\bass_psfilter_fx.obj
         Debug\cng_dec_fx.obj
         Debug\core_dec_init.obj
         Debug\core_dec_reconf.obj
         Debug\core_dec_switch.obj
         Debug\core_switching_dec_fx.obj
         Debug\dec2t32_fx.obj
         Debug\dec4t64_fx.obj
         Debug\decision_matrix_dec_fx.obj
         Debug\decoder.obj
         Debug\dec_ace.obj
         Debug\dec_acelp.obj
         Debug\dec_acelp_tcx_main.obj
         Debug\dec_amr_wb_fx.obj
         Debug\dec_gen_voic_fx.obj
         Debug\dec_higher_acelp_fx.obj
         Debug\dec_LPD.obj
         Debug\dec_nelp_fx.obj
         Debug\dec_pit_exc_fx.obj
         Debug\dec_post.obj
         Debug\dec_ppp_fx.obj
         Debug\dec_prm.obj
         Debug\dec_tcx.obj
         Debug\dec_tran_fx.obj
         Debug\dec_uv.obj
         Debug\dlpc_avq.obj
         Debug\dlpc_stoch.obj
         Debug\d_gain2p.obj
         Debug\er_dec_acelp.obj
         Debug\er_dec_tcx.obj
         Debug\er_scale_syn.obj
         Debug\er_sync_exc.obj
         Debug\er_util.obj
         Debug\EvsRXlib.obj
         Debug\evs_dec_fx.obj
         Debug\fd_cng_dec.obj
         Debug\FEC_adapt_codebook_fx.obj
         Debug\FEC_clas_estim_fx.obj
         Debug\FEC_fx.obj
         Debug\FEC_HQ_core_fx.obj
         Debug\FEC_HQ_phase_ecu_fx.obj
         Debug\FEC_lsf_estim_fx.obj
         Debug\FEC_pitch_estim_fx.obj
         Debug\FEC_scale_syn_fx.obj
         Debug\gain_dec_fx.obj
         Debug\gaus_dec_fx.obj
         Debug\gs_dec_amr_wb_fx.obj
         Debug\gs_dec_fx.obj
         Debug\hdecnrm_fx.obj
         Debug\hf_synth_fx.obj
         Debug\hq_classifier_dec_fx.obj
         Debug\hq_conf_fec_fx.obj
         Debug\hq_core_dec_fx.obj
         Debug\hq_env_dec_fx.obj
         Debug\hq_hr_dec_fx.obj
         Debug\hq_lr_dec_fx.obj
         Debug\igf_dec.obj
         Debug\igf_scf_dec.obj
         Debug\init_dec_fx.obj
         Debug\inov_dec_fx.obj
         Debug\io_dec_fx.obj
         Debug\jbm_jb4sb.obj
         Debug\jbm_jb4_circularbuffer.obj
         Debug\jbm_jb4_inputbuffer.obj
         Debug\jbm_jb4_jmf.obj
         Debug\jbm_pcmdsp_apa.obj
         Debug\jbm_pcmdsp_fifo.obj
         Debug\jbm_pcmdsp_similarityestimation.obj
         Debug\jbm_pcmdsp_window.obj
         Debug\LD_music_post_filter_fx.obj
         Debug\lead_deindexing_fx.obj
         Debug\lp_exc_d_fx.obj
         Debug\lsf_dec_fx.obj
         Debug\lsf_msvq_ma_dec.obj
         Debug\nelp_dec_fx.obj
         Debug\peak_vq_dec_fx.obj
         Debug\pitch_extr.obj
         Debug\pit_dec.obj
         Debug\post_dec.obj
         Debug\ppp_dec_fx.obj
         Debug\pvq_core_dec_fx.obj
         Debug\pvq_decode_fx.obj
         Debug\range_dec_fx.obj
         Debug\re8_dec_fx.obj
         Debug\rom_dec_fx.obj
         Debug\rst_dec_fx.obj
         Debug\stat_noise_uv_dec_fx.obj
         Debug\swb_bwe_dec_fx.obj
         Debug\swb_bwe_dec_hr_fx.obj
         Debug\swb_bwe_dec_lr_fx.obj
         Debug\swb_tbe_dec_fx.obj
         Debug\syn_outp_fx.obj
         Debug\tcq_core_dec_fx.obj
         Debug\tcx_utils_dec.obj
         Debug\tns_base_dec.obj
         Debug\TonalComponentDetection.obj
         Debug\tonalMDCTconcealment.obj
         Debug\transition_dec_fx.obj
         Debug\updt_dec_fx.obj
         Debug\vlpc_1st_dec.obj
         Debug\vlpc_2st_dec.obj
         Debug\voiced_dec_fx.obj
         Debug\voip_client.obj
         Debug\waveadjust_fec_dec.obj
       Manifest:
         C:\Program Files (x86)\Microsoft SDKs\Windows\v7.0A\bin\mt.exe /nologo /verbose /out:"Debug\EVS_decoder.exe.embed.manifest" /manifest Debug\EVS_decoder.exe.intermediate.manifest
         所有输出均为最新。
       LinkEmbedManifest:
         所有输出均为最新。
         EVS_decoder.vcxproj -> G:\EVS\DECODER\Workspace_msvc\EVS\EVS_decoder\Debug\EVS_decoder.exe
       FinalizeBuildStatus:
         正在删除文件“Debug\EVS_decoder.unsuccessfulbuild”。
         正在对“Debug\EVS_decoder.lastbuildstate”执行 Touch 任务。
     1>已完成生成项目“G:\EVS\DECODER\Workspace_msvc\EVS\EVS_decoder\EVS_decoder\EVS_decoder.vcxproj”(build 个目标)的操作。

生成成功。

已用时间 00:00:00.55
